<?xml version="1.0" encoding="UTF-8"?>
<!-- Generated by org.testng.reporters.JUnitReportReporter -->
<testsuite hostname="DESKTOP-E2RVPM6" name="com.test.NewTest" tests="2" failures="0" timestamp="8 Jul 2016 04:21:25 GMT" time="0.008" errors="0">
  <testcase name="f1" time="0.003" classname="com.test.NewTest"/>
  <testcase name="f" time="0.005" classname="com.test.NewTest"/>
</testsuite> <!-- com.test.NewTest -->
