<?xml version="1.0" encoding="UTF-8"?>
<!-- Generated by org.testng.reporters.JUnitReportReporter -->
<testsuite hostname="DESKTOP-E2RVPM6" name="com.yoya.test.LoginTest" tests="1" failures="0" timestamp="19 Jul 2016 05:43:46 GMT" time="10.752" errors="0">
  <testcase name="loginYoya" time="10.752" classname="com.yoya.test.LoginTest"/>
</testsuite> <!-- com.yoya.test.LoginTest -->
