<?xml version="1.0" encoding="UTF-8"?>
<!-- Generated by org.testng.reporters.JUnitReportReporter -->
<testsuite hostname="DESKTOP-E2RVPM6" name="com.yoya.test.designer.SalesTemplateTest" tests="1" failures="0" timestamp="18 Jul 2016 08:22:21 GMT" time="21.486" errors="0">
  <testcase name="editTemplate" time="21.486" classname="com.yoya.test.designer.SalesTemplateTest"/>
</testsuite> <!-- com.yoya.test.designer.SalesTemplateTest -->
