<?xml version="1.0" encoding="UTF-8"?>
<!-- Generated by org.testng.reporters.JUnitReportReporter -->
<testsuite hostname="DESKTOP-E2RVPM6" name="com.yoya.test.OtherLoginTest" tests="3" failures="0" timestamp="14 Jul 2016 02:54:32 GMT" time="66.177" errors="0">
  <testcase name="other_login_Sina" time="11.874" classname="com.yoya.test.OtherLoginTest"/>
  <testcase name="other_login_Wechat" time="35.411" classname="com.yoya.test.OtherLoginTest"/>
  <testcase name="other_login_QQ" time="18.892" classname="com.yoya.test.OtherLoginTest"/>
</testsuite> <!-- com.yoya.test.OtherLoginTest -->
