<?xml version="1.0" encoding="UTF-8"?>
<!-- Generated by org.testng.reporters.JUnitReportReporter -->
<testsuite hostname="DESKTOP-E2RVPM6" name="com.yoya.test.InteractiveMovieTest" tests="1" failures="0" timestamp="7 Jul 2016 09:48:25 GMT" time="25.956" errors="0">
  <testcase name="groupMovie" time="25.956" classname="com.yoya.test.InteractiveMovieTest"/>
</testsuite> <!-- com.yoya.test.InteractiveMovieTest -->
