<?xml version="1.0" encoding="UTF-8"?>
<!-- Generated by org.testng.reporters.JUnitReportReporter -->
<testsuite hostname="DESKTOP-E2RVPM6" name="com.yoya.test.MyYoyaTest" tests="1" failures="0" timestamp="19 Jul 2016 07:58:49 GMT" time="0.120" errors="0">
  <testcase name="checkUserinformations" time="0.120" classname="com.yoya.test.MyYoyaTest"/>
</testsuite> <!-- com.yoya.test.MyYoyaTest -->
